{"C:\\Users\\Personal\\OneDrive\\Escritorio\\react-projects\\hook-form-test\\src\\components\\login\\login-form.tsx": {"path":"C:\\Users\\Personal\\OneDrive\\Escritorio\\react-projects\\hook-form-test\\src\\components\\login\\login-form.tsx","statementMap":{"0":{"start":{"line":1,"column":0},"end":{"line":1,"column":54}},"1":{"start":{"line":2,"column":0},"end":{"line":2,"column":71}},"2":{"start":{"line":3,"column":0},"end":{"line":3,"column":36}},"3":{"start":{"line":5,"column":0},"end":{"line":5,"column":66}},"4":{"start":{"line":6,"column":0},"end":{"line":6,"column":48}},"5":{"start":{"line":7,"column":0},"end":{"line":7,"column":32}},"6":{"start":{"line":8,"column":0},"end":{"line":8,"column":34}},"7":{"start":{"line":16,"column":22},"end":{"line":23,"column":4}},"8":{"start":{"line":29,"column":6},"end":{"line":29,"column":17}},"9":{"start":{"line":31,"column":46},"end":{"line":35,"column":3}},"10":{"start":{"line":32,"column":19},"end":{"line":32,"column":40}},"11":{"start":{"line":33,"column":4},"end":{"line":33,"column":24}},"12":{"start":{"line":34,"column":4},"end":{"line":34,"column":12}},"13":{"start":{"line":37,"column":2},"end":{"line":70,"column":4}},"14":{"start":{"line":73,"column":0},"end":{"line":73,"column":25}}},"fnMap":{"0":{"name":"LoginForm","decl":{"start":{"line":15,"column":9},"end":{"line":15,"column":18}},"loc":{"start":{"line":15,"column":18},"end":{"line":71,"column":1}}},"1":{"name":"(anonymous_2)","decl":{"start":{"line":31,"column":46},"end":{"line":31,"column":51}},"loc":{"start":{"line":31,"column":61},"end":{"line":35,"column":3}}}},"branchMap":{"0":{"loc":{"start":{"line":63,"column":44},"end":{"line":63,"column":64}},"type":"binary-expr","locations":[{"start":{"line":63,"column":44},"end":{"line":63,"column":52}},{"start":{"line":63,"column":56},"end":{"line":63,"column":64}}]}},"s":{"0":0,"1":0,"2":0,"3":0,"4":0,"5":0,"6":0,"7":0,"8":0,"9":0,"10":0,"11":0,"12":0,"13":0,"14":0},"f":{"0":0,"1":0},"b":{"0":[0,0]}}
,"C:\\Users\\Personal\\OneDrive\\Escritorio\\react-projects\\hook-form-test\\src\\components\\ui\\button.tsx": {"path":"C:\\Users\\Personal\\OneDrive\\Escritorio\\react-projects\\hook-form-test\\src\\components\\ui\\button.tsx","statementMap":{"0":{"start":{"line":1,"column":0},"end":{"line":1,"column":52}},"1":{"start":{"line":11,"column":2},"end":{"line":15,"column":4}},"2":{"start":{"line":6,"column":0},"end":{"line":6,"column":24}}},"fnMap":{"0":{"name":"Button","decl":{"start":{"line":6,"column":24},"end":{"line":6,"column":30}},"loc":{"start":{"line":10,"column":20},"end":{"line":16,"column":1}}}},"branchMap":{},"s":{"0":0,"1":0,"2":0},"f":{"0":0},"b":{}}
,"C:\\Users\\Personal\\OneDrive\\Escritorio\\react-projects\\hook-form-test\\src\\components\\ui\\input.tsx": {"path":"C:\\Users\\Personal\\OneDrive\\Escritorio\\react-projects\\hook-form-test\\src\\components\\ui\\input.tsx","statementMap":{"0":{"start":{"line":2,"column":0},"end":{"line":2,"column":62}},"1":{"start":{"line":3,"column":0},"end":{"line":3,"column":54}},"2":{"start":{"line":12,"column":23},"end":{"line":16,"column":1}},"3":{"start":{"line":13,"column":2},"end":{"line":15,"column":11}},"4":{"start":{"line":27,"column":6},"end":{"line":27,"column":22}},"5":{"start":{"line":29,"column":2},"end":{"line":44,"column":4}},"6":{"start":{"line":18,"column":0},"end":{"line":18,"column":24}}},"fnMap":{"0":{"name":"(anonymous_0)","decl":{"start":{"line":12,"column":23},"end":{"line":12,"column":24}},"loc":{"start":{"line":12,"column":65},"end":{"line":16,"column":1}}},"1":{"name":"Input","decl":{"start":{"line":18,"column":24},"end":{"line":18,"column":29}},"loc":{"start":{"line":23,"column":19},"end":{"line":45,"column":1}}}},"branchMap":{"0":{"loc":{"start":{"line":13,"column":9},"end":{"line":15,"column":10}},"type":"cond-expr","locations":[{"start":{"line":14,"column":4},"end":{"line":14,"column":78}},{"start":{"line":15,"column":6},"end":{"line":15,"column":10}}]},"1":{"loc":{"start":{"line":35,"column":15},"end":{"line":35,"column":39}},"type":"binary-expr","locations":[{"start":{"line":35,"column":15},"end":{"line":35,"column":21}},{"start":{"line":35,"column":25},"end":{"line":35,"column":39}}]},"2":{"loc":{"start":{"line":42,"column":7},"end":{"line":42,"column":45}},"type":"binary-expr","locations":[{"start":{"line":42,"column":7},"end":{"line":42,"column":13}},{"start":{"line":42,"column":17},"end":{"line":42,"column":45}}]}},"s":{"0":0,"1":0,"2":0,"3":0,"4":0,"5":0,"6":0},"f":{"0":0,"1":0},"b":{"0":[0,0],"1":[0,0],"2":[0,0]}}
}
