TN:
SF:src\components\login\login-form.tsx
FN:15,LoginForm
FN:31,(anonymous_2)
FNF:2
FNH:0
FNDA:0,LoginForm
FNDA:0,(anonymous_2)
DA:1,0
DA:2,0
DA:3,0
DA:5,0
DA:6,0
DA:7,0
DA:8,0
DA:16,0
DA:29,0
DA:31,0
DA:32,0
DA:33,0
DA:34,0
DA:37,0
DA:73,0
LF:15
LH:0
BRDA:63,0,0,0
BRDA:63,0,1,0
BRF:2
BRH:0
end_of_record
TN:
SF:src\components\ui\button.tsx
FN:6,Button
FNF:1
FNH:0
FNDA:0,Button
DA:1,0
DA:6,0
DA:11,0
LF:3
LH:0
BRF:0
BRH:0
end_of_record
TN:
SF:src\components\ui\input.tsx
FN:12,(anonymous_0)
FN:18,Input
FNF:2
FNH:0
FNDA:0,(anonymous_0)
FNDA:0,Input
DA:2,0
DA:3,0
DA:12,0
DA:13,0
DA:18,0
DA:27,0
DA:29,0
LF:7
LH:0
BRDA:13,0,0,0
BRDA:13,0,1,0
BRDA:35,1,0,0
BRDA:35,1,1,0
BRDA:42,2,0,0
BRDA:42,2,1,0
BRF:6
BRH:0
end_of_record
